Arguments: 
  C:\Program Files\nodejs\node.exe C:\Users\THOSHIBA\AppData\Roaming\npm\node_modules\yarn\bin\yarn.js add bcryt

PATH: 
  C:\Program Files (x86)\Common Files\Oracle\Java\javapath;C:\Windows\system32;C:\Windows;C:\Windows\System32\Wbem;C:\Windows\System32\WindowsPowerShell\v1.0\;C:\Program Files\nodejs\;C:\Program Files\Git\cmd;C:\Users\THOSHIBA\AppData\Roaming\npm;C:\ProgramData\chocolatey\bin;C:\Users\THOSHIBA\AppData\Local\Android\Sdk;C:\Users\THOSHIBA\AppData\Local\Android\Sdk\platform-tools;C:\Windows\System32\OpenSSH\;C:\Users\THOSHIBA\Desktop\apache-maven-3.6.1\bin;C:\Program Files\Java\jdk1.8.0_211;F:\Object_Detection\bin;C:\Users\THOSHIBA\Anaconda3;C:\Users\THOSHIBA\Anaconda3\Library\mingw-w64\bin;C:\Users\THOSHIBA\Anaconda3\Library\usr\bin;C:\Users\THOSHIBA\Anaconda3\Library\bin;C:\Users\THOSHIBA\Anaconda3\Scripts;C:\Users\THOSHIBA\AppData\Local\Microsoft\WindowsApps;C:\Users\THOSHIBA\AppData\Local\Programs\Microsoft VS Code\bin;C:\Program Files\Java\jdk1.8.0_211;C:\Users\THOSHIBA\AppData\Local\GitHubDesktop\bin

Yarn version: 
  1.13.0

Node version: 
  10.14.2

Platform: 
  win32 x64

Trace: 
  Error: https://registry.yarnpkg.com/bcryt: Not found
      at Request.params.callback [as _callback] (C:\Users\THOSHIBA\AppData\Roaming\npm\node_modules\yarn\lib\cli.js:66255:18)
      at Request.self.callback (C:\Users\THOSHIBA\AppData\Roaming\npm\node_modules\yarn\lib\cli.js:129397:22)
      at Request.emit (events.js:182:13)
      at Request.<anonymous> (C:\Users\THOSHIBA\AppData\Roaming\npm\node_modules\yarn\lib\cli.js:130369:10)
      at Request.emit (events.js:182:13)
      at IncomingMessage.<anonymous> (C:\Users\THOSHIBA\AppData\Roaming\npm\node_modules\yarn\lib\cli.js:130291:12)
      at Object.onceWrapper (events.js:273:13)
      at IncomingMessage.emit (events.js:187:15)
      at endReadableNT (_stream_readable.js:1094:12)
      at process._tickCallback (internal/process/next_tick.js:63:19)

npm manifest: 
  {
    "name": "rest-shop",
    "version": "1.0.0",
    "description": "A Node.js RESTful API Tutorial Project (Build a simple shop API)",
    "main": "index.js",
    "scripts": {
      "test": "echo \"Error: no test specified\" && exit 1"
    },
    "keywords": [
      "node",
      "restful",
      "api"
    ],
    "author": "Maximilian Schwarzmüller",
    "license": "ISC",
    "dependencies": {
      "express": "^4.16.2"
    }
  }

yarn manifest: 
  No manifest

Lockfile: 
  No lockfile
